JvmtiExport can_access_local_variables 0
JvmtiExport can_hotswap_or_post_breakpoint 0
JvmtiExport can_post_on_exceptions 0
# 645 ciObject found
ciMethod java/lang/Object <init> ()V 4097 1 202660 0 0
ciMethod java/lang/Object hashCode ()I 2049 1 256 0 -1
ciMethod java/lang/Object equals (Ljava/lang/Object;)Z 3777 1 4672 0 -1
ciMethod java/lang/Object clone ()Ljava/lang/Object; 2049 1 256 0 -1
ciMethod java/lang/String <init> ([CII)V 4097 1 5872 0 704
ciMethod java/lang/String <init> ([BIILjava/lang/String;)V 3129 1 702 0 -1
ciMethod java/lang/String <init> ([CZ)V 2049 1 8964 0 0
ciMethod java/lang/String length ()I 4097 1 82104 0 64
ciMethod java/lang/String charAt (I)C 4097 1 342492 0 -1
ciMethod java/lang/String codePointAt (I)I 105 1 279 0 -1
ciMethod java/lang/String getChars ([CI)V 2049 1 5497 0 0
ciMethod java/lang/String equals (Ljava/lang/Object;)Z 4097 16193 5088 0 -1
ciMethod java/lang/String equalsIgnoreCase (Ljava/lang/String;)Z 2105 1 5394 0 1568
ciMethod java/lang/String regionMatches (ZILjava/lang/String;II)Z 1753 5489 5376 0 1920
ciMethod java/lang/String startsWith (Ljava/lang/String;I)Z 2409 2425 5462 0 416
ciMethod java/lang/String startsWith (Ljava/lang/String;)Z 3329 1 23916 0 -1
ciMethod java/lang/String endsWith (Ljava/lang/String;)Z 2049 1 16197 0 0
ciMethod java/lang/String hashCode ()I 2793 32769 1063 0 288
ciMethod java/lang/String indexOf (I)I 3073 1 18159 0 -1
ciMethod java/lang/String indexOf (II)I 1993 57345 4473 0 -1
ciMethod java/lang/String indexOfSupplementary (II)I 0 0 1 0 -1
ciMethod java/lang/String lastIndexOf (I)I 2049 1 11678 0 0
ciMethod java/lang/String lastIndexOf (II)I 833 33313 962 0 288
ciMethod java/lang/String lastIndexOfSupplementary (II)I 0 0 1 0 -1
ciMethod java/lang/String substring (II)Ljava/lang/String; 2049 1 5474 0 960
ciMethod java/lang/String concat (Ljava/lang/String;)Ljava/lang/String; 2049 1 5485 0 896
ciMethod java/lang/String replace (CC)Ljava/lang/String; 985 58041 1387 0 1152
ciMethod java/lang/String toUpperCase (Ljava/util/Locale;)Ljava/lang/String; 1257 41697 1072 0 -1
ciMethod java/lang/String toCharArray ()[C 3081 1 7400 0 0
ciMethod java/lang/ClassLoader preDefineClass (Ljava/lang/String;Ljava/security/ProtectionDomain;)Ljava/security/ProtectionDomain; 3177 1 1687 0 -1
ciMethod java/lang/ClassLoader defineClassSourceLocation (Ljava/security/ProtectionDomain;)Ljava/lang/String; 3177 1 1687 0 -1
ciMethod java/lang/ClassLoader postDefineClass (Ljava/lang/Class;Ljava/security/ProtectionDomain;)V 3177 1 1686 0 -1
ciMethod java/lang/ClassLoader defineClass (Ljava/lang/String;[BIILjava/security/ProtectionDomain;)Ljava/lang/Class; 2129 1 1672 0 -1
ciMethod java/lang/ClassLoader defineClass1 (Ljava/lang/String;[BIILjava/security/ProtectionDomain;Ljava/lang/String;)Ljava/lang/Class; 4105 1 513 0 -1
ciMethod java/lang/ClassLoader checkName (Ljava/lang/String;)Z 2081 1 6421 0 -1
ciMethod java/lang/ClassLoader checkCerts (Ljava/lang/String;Ljava/security/CodeSource;)V 4097 1 1687 0 -1
ciMethod java/lang/ClassLoader definePackage (Ljava/lang/String;Ljava/lang/String;Ljava/lang/String;Ljava/lang/String;Ljava/lang/String;Ljava/lang/String;Ljava/lang/String;Ljava/net/URL;)Ljava/lang/Package; 497 1 216 0 -1
ciMethod java/lang/ClassLoader getPackage (Ljava/lang/String;)Ljava/lang/Package; 2049 1 2699 0 0
ciMethod java/lang/System nanoTime ()J 2049 1 256 0 -1
ciMethod java/lang/System arraycopy (Ljava/lang/Object;ILjava/lang/Object;II)V 13313 1 1664 0 -1
ciMethod java/lang/Throwable printStackTrace ()V 0 0 1 0 -1
ciMethod java/lang/Throwable addSuppressed (Ljava/lang/Throwable;)V 0 0 1 0 -1
ciMethod java/security/ProtectionDomain <init> (Ljava/security/CodeSource;Ljava/security/PermissionCollection;Ljava/lang/ClassLoader;[Ljava/security/Principal;)V 201 1 64 0 -1
ciMethod java/security/ProtectionDomain getCodeSource ()Ljava/security/CodeSource; 1025 1 128 0 -1
ciMethod java/security/SecureClassLoader defineClass (Ljava/lang/String;[BIILjava/security/CodeSource;)Ljava/lang/Class; 2129 1 1639 0 0
ciMethod java/security/SecureClassLoader defineClass (Ljava/lang/String;Ljava/nio/ByteBuffer;Ljava/security/CodeSource;)Ljava/lang/Class; 0 0 1 0 -1
ciMethod java/security/SecureClassLoader getPermissions (Ljava/security/CodeSource;)Ljava/security/PermissionCollection; 337 1 42 0 -1
ciMethod java/security/SecureClassLoader getProtectionDomain (Ljava/security/CodeSource;)Ljava/security/ProtectionDomain; 2129 1 1651 0 -1
ciMethod java/lang/NoClassDefFoundError <init> (Ljava/lang/String;)V 17 1 2 0 -1
ciMethod java/lang/ref/Reference get ()Ljava/lang/Object; 2113 1 264 0 -1
ciMethod java/lang/ref/Reference <init> (Ljava/lang/Object;)V 1161 1 2166 0 0
ciMethod java/lang/ref/Reference <init> (Ljava/lang/Object;Ljava/lang/ref/ReferenceQueue;)V 2065 1 9172 0 0
ciMethod java/lang/ref/SoftReference <init> (Ljava/lang/Object;)V 1049 1 570 0 0
ciMethod java/lang/ref/SoftReference get ()Ljava/lang/Object; 2465 1 7818 0 0
ciMethod java/lang/ref/WeakReference <init> (Ljava/lang/Object;Ljava/lang/ref/ReferenceQueue;)V 2049 1 3100 0 0
ciMethod java/lang/ref/ReferenceQueue poll ()Ljava/lang/ref/Reference; 3073 1 7070 0 -1
ciMethod java/lang/Thread currentThread ()Ljava/lang/Thread; 2049 1 256 0 -1
ciMethod java/lang/Thread interrupt ()V 0 0 1 0 0
ciMethod java/lang/Thread interrupted ()Z 3097 1 2213 0 0
ciMethod java/lang/Thread isInterrupted (Z)Z 3073 1 384 0 -1
ciMethod java/lang/Thread checkAccess ()V 137 1 17 0 -1
ciMethod java/lang/Thread holdsLock (Ljava/lang/Object;)Z 0 0 1 0 -1
ciMethod java/lang/Thread interrupt0 ()V 0 0 1 0 -1
ciMethod java/util/Map get (Ljava/lang/Object;)Ljava/lang/Object; 0 0 1 0 -1
ciMethod java/util/Map put (Ljava/lang/Object;Ljava/lang/Object;)Ljava/lang/Object; 0 0 1 0 -1
ciMethod java/util/Map remove (Ljava/lang/Object;)Ljava/lang/Object; 0 0 1 0 -1
ciMethod java/util/Hashtable <init> (IF)V 1385 1 170 0 0
ciMethod java/util/Hashtable <init> (I)V 345 1 43 0 0
ciMethod java/util/Hashtable <init> ()V 1041 1 127 0 0
ciMethod java/util/Dictionary <init> ()V 1385 1 170 0 0
ciMethod java/lang/StringBuilder <init> ()V 1353 1 12573 0 -1
ciMethod java/lang/StringBuilder append (Ljava/lang/Object;)Ljava/lang/StringBuilder; 569 1 85 0 -1
ciMethod java/lang/StringBuilder append (Ljava/lang/String;)Ljava/lang/StringBuilder; 2841 1 29484 0 -1
ciMethod java/lang/StringBuilder append (I)Ljava/lang/StringBuilder; 9 1 230 0 -1
ciMethod java/lang/StringBuilder append (F)Ljava/lang/StringBuilder; 0 0 1 0 -1
ciMethod java/lang/StringBuilder toString ()Ljava/lang/String; 1505 1 14486 0 -1
ciMethod java/io/ByteArrayInputStream <init> ([B)V 145 1 42 0 0
ciMethod java/io/InputStream <init> ()V 2057 1 3858 0 0
ciMethod java/io/InputStream read ([BII)I 0 0 1 0 -1
ciMethod java/io/InputStream close ()V 0 0 1 0 -1
ciMethod java/net/URLClassLoader getAndVerifyPackage (Ljava/lang/String;Ljava/util/jar/Manifest;Ljava/net/URL;)Ljava/lang/Package; 3073 1 1640 0 0
ciMethod java/net/URLClassLoader definePackageInternal (Ljava/lang/String;Ljava/util/jar/Manifest;Ljava/net/URL;)V 2129 1 1639 0 0
ciMethod java/net/URLClassLoader defineClass (Ljava/lang/String;Lsun/misc/Resource;)Ljava/lang/Class; 1105 1 1639 0 0
ciMethod java/net/URLClassLoader definePackage (Ljava/lang/String;Ljava/util/jar/Manifest;Ljava/net/URL;)Ljava/lang/Package; 489 1 215 0 0
ciMethod java/net/URLClassLoader isSealed (Ljava/lang/String;Ljava/util/jar/Manifest;)Z 2049 1 1419 0 0
ciMethod java/net/URLClassLoader access$000 (Ljava/net/URLClassLoader;)Lsun/misc/URLClassPath; 1033 1 129 0 0
ciMethod java/net/URLClassLoader access$100 (Ljava/net/URLClassLoader;Ljava/lang/String;Lsun/misc/Resource;)Ljava/lang/Class; 1105 1 1639 0 0
ciMethod java/net/URL getRef ()Ljava/lang/String; 1457 1 182 0 -1
ciMethod java/net/URL equals (Ljava/lang/Object;)Z 2121 1 2774 0 -1
ciMethod java/util/jar/Manifest <init> (Ljava/io/InputStream;)V 137 1 41 0 0
ciMethod java/util/jar/Manifest getMainAttributes ()Ljava/util/jar/Attributes; 1025 1 128 0 0
ciMethod java/util/jar/Manifest getEntries ()Ljava/util/Map; 1025 1 128 0 0
ciMethod java/util/jar/Manifest getAttributes (Ljava/lang/String;)Ljava/util/jar/Attributes; 2057 1 1635 0 0
ciMethod java/util/jar/Manifest read (Ljava/io/InputStream;)V 137 1 41 0 -1
ciMethod java/util/jar/Manifest parseName ([BI)Ljava/lang/String; 9 1 1 0 -1
ciMethod java/security/CodeSource <init> (Ljava/net/URL;[Ljava/security/CodeSigner;)V 2129 1 1639 0 0
ciMethod java/nio/Buffer position ()I 1129 1 141 0 -1
ciMethod java/lang/Character isSurrogate (C)Z 177 1 352 0 -1
ciMethod java/lang/Character charCount (I)I 209 1 3467 0 -1
ciMethod java/lang/Character toChars (I[CI)I 0 0 1 0 -1
ciMethod java/lang/Character toChars (I)[C 0 0 1 0 -1
ciMethod java/lang/Character toLowerCase (C)C 2057 1 8407 0 0
ciMethod java/lang/Character toLowerCase (I)I 4097 1 20079 0 0
ciMethod java/lang/Character toUpperCase (C)C 1009 1 6859 0 0
ciMethod java/lang/Character toUpperCase (I)I 1009 1 6859 0 0
ciMethod java/lang/Character toUpperCaseEx (I)I 3049 1 30882 0 -1
ciMethod java/lang/Character toUpperCaseCharArray (I)[C 0 0 1 0 -1
ciMethod java/lang/Float isNaN (F)Z 2049 1 855 0 0
ciMethod java/lang/Float floatToRawIntBits (F)I 9 1 1 0 -1
ciMethod java/util/Comparator compare (Ljava/lang/Object;Ljava/lang/Object;)I 0 0 1 0 -1
ciMethod java/security/AccessController doPrivileged (Ljava/security/PrivilegedAction;)Ljava/lang/Object; 2049 1 256 0 -1
ciMethod java/util/AbstractList <init> ()V 1753 1 15645 0 32
ciMethod java/util/AbstractCollection <init> ()V 489 1 18855 0 32
ciMethod java/util/ArrayList <init> ()V 1241 1 2791 0 0
ciMethod java/util/ArrayList size ()I 1033 1 129 0 -1
ciMethod java/util/AbstractMap <init> ()V 537 1 2867 0 0
ciMethod java/util/HashMap hash (Ljava/lang/Object;)I 3177 1 20682 0 160
ciMethod java/util/HashMap tableSizeFor (I)I 2049 1 930 0 -1
ciMethod java/util/HashMap <init> (IF)V 873 1 600 0 0
ciMethod java/util/HashMap <init> (I)V 761 1 224 0 0
ciMethod java/util/HashMap <init> ()V 217 1 1847 0 0
ciMethod java/util/HashMap get (Ljava/lang/Object;)Ljava/lang/Object; 3121 1 5892 0 544
ciMethod java/util/HashMap getNode (ILjava/lang/Object;)Ljava/util/HashMap$Node; 2057 9 5720 0 544
ciMethod java/util/HashMap put (Ljava/lang/Object;Ljava/lang/Object;)Ljava/lang/Object; 1217 1 6681 0 -1
ciMethod sun/misc/VM allowArraySyntax ()Z 2081 1 6421 0 -1
ciMethod java/lang/Math max (II)I 1441 1 6706 0 -1
ciMethod java/lang/Math min (II)I 4097 1 45700 0 -1
ciMethod java/lang/Math min (FF)F 1729 1 206 0 0
ciMethod java/nio/charset/Charset atBugLevel (Ljava/lang/String;)Z 2049 1 265 0 -1
ciMethod java/nio/charset/Charset newEncoder ()Ljava/nio/charset/CharsetEncoder; 0 0 1 0 -1
ciMethod java/util/WeakHashMap maskNull (Ljava/lang/Object;)Ljava/lang/Object; 3073 1 5564 0 64
ciMethod java/util/WeakHashMap eq (Ljava/lang/Object;Ljava/lang/Object;)Z 1113 1 1860 0 -1
ciMethod java/util/WeakHashMap hash (Ljava/lang/Object;)I 3073 1 5573 0 0
ciMethod java/util/WeakHashMap indexFor (II)I 3089 1 5566 0 0
ciMethod java/util/WeakHashMap expungeStaleEntries ()V 3089 1 5510 0 2368
ciMethod java/util/WeakHashMap getTable ()[Ljava/util/WeakHashMap$Entry; 3081 1 5573 0 0
ciMethod java/util/WeakHashMap put (Ljava/lang/Object;Ljava/lang/Object;)Ljava/lang/Object; 2049 17 1858 0 0
ciMethod java/util/WeakHashMap resize (I)V 0 0 1 0 -1
ciMethod java/util/Arrays copyOf ([BI)[B 2049 1 10354 0 480
ciMethod java/util/Arrays copyOf ([CI)[C 1937 1 11147 0 0
ciMethod java/util/Arrays copyOfRange ([CII)[C 4097 1 6001 0 512
ciMethod sun/misc/ASCIICaseInsensitiveComparator lowerCaseHashCode (Ljava/lang/String;)I 1113 17801 620 0 -1
ciMethodData java/lang/String length ()I 2 82104 orig 264 88 115 170 106 0 0 0 0 24 60 88 23 0 0 0 0 32 1 0 0 0 0 0 0 0 0 0 0 0 0 0 0 0 0 0 0 0 0 0 0 0 0 0 0 0 0 0 0 0 0 0 0 0 0 0 0 0 0 0 0 0 0 0 0 0 0 0 0 0 0 0 0 0 0 0 0 0 0 0 0 77 68 79 32 101 120 116 114 97 32 100 97 116 97 32 108 111 99 107 0 0 0 0 0 0 0 0 0 0 0 0 0 0 0 0 0 0 0 0 0 0 0 0 0 0 0 0 0 0 0 0 0 0 0 0 0 0 0 0 0 0 0 0 0 0 0 0 0 0 0 0 0 0 0 0 0 0 0 0 0 0 0 0 0 0 0 0 0 0 0 0 0 0 0 0 0 0 0 0 0 0 0 0 0 1 0 0 0 0 0 0 0 0 0 0 0 0 0 0 0 1 0 0 0 0 0 0 0 0 0 0 0 0 0 0 0 0 2 0 0 193 245 9 0 1 0 0 0 0 0 0 0 0 0 0 0 2 0 0 0 0 0 0 0 0 0 0 0 0 0 0 0 255 255 255 255 0 0 0 0 0 0 0 0 data 0 oops 0
ciMethodData java/lang/Object <init> ()V 2 202662 orig 264 88 115 170 106 0 0 0 0 128 4 88 23 0 0 0 0 32 1 0 0 0 0 0 0 0 0 0 0 0 0 0 0 0 0 0 0 0 0 0 0 0 0 0 0 0 0 0 0 0 0 0 0 0 0 0 0 0 0 0 0 0 0 0 0 0 0 0 0 0 0 0 0 0 0 0 0 0 0 0 0 77 68 79 32 101 120 116 114 97 32 100 97 116 97 32 108 111 99 107 0 0 0 0 0 0 0 0 0 0 0 0 0 0 0 0 0 0 0 0 0 0 0 0 0 0 0 0 0 0 0 0 0 0 0 0 0 0 0 0 0 0 0 0 0 0 0 0 0 0 0 0 0 0 0 0 0 0 0 0 0 0 0 0 0 0 0 0 0 0 0 0 0 0 0 0 0 0 0 0 0 0 0 0 0 1 0 0 0 0 0 0 0 1 0 0 0 0 0 0 0 1 0 0 0 0 0 0 0 0 0 0 0 0 0 0 0 0 2 0 0 49 173 24 0 1 0 0 0 0 0 0 0 0 0 0 0 2 0 0 0 0 0 3 0 1 0 0 0 0 0 0 0 255 255 255 255 0 0 0 0 0 0 0 0 data 0 oops 0
ciMethod java/io/OutputStream <init> ()V 2081 1 484 0 0
ciMethod java/io/FilterInputStream <init> (Ljava/io/InputStream;)V 2049 1 1971 0 0
ciMethod java/io/PrintStream println (Ljava/lang/String;)V 0 0 1 0 -1
ciMethod sun/nio/cs/ArrayEncoder encode ([CII[B)I 0 0 1 0 -1
ciMethod java/nio/charset/CharsetEncoder <init> (Ljava/nio/charset/Charset;FF[B)V 729 1 91 0 -1
ciMethod java/nio/charset/CharsetEncoder <init> (Ljava/nio/charset/Charset;FF)V 729 1 91 0 -1
ciMethod java/nio/charset/CharsetEncoder replaceWith ([B)Ljava/nio/charset/CharsetEncoder; 729 1 91 0 -1
ciMethod java/nio/charset/CharsetEncoder implReplaceWith ([B)V 0 0 1 0 -1
ciMethod java/nio/charset/CharsetEncoder isLegalReplacement ([B)Z 73 1 9 0 -1
ciMethod java/nio/charset/CharsetEncoder malformedInputAction ()Ljava/nio/charset/CodingErrorAction; 0 0 1 0 -1
ciMethod java/nio/charset/CharsetEncoder onMalformedInput (Ljava/nio/charset/CodingErrorAction;)Ljava/nio/charset/CharsetEncoder; 369 1 91 0 0
ciMethod java/nio/charset/CharsetEncoder implOnMalformedInput (Ljava/nio/charset/CodingErrorAction;)V 369 1 91 0 -1
ciMethod java/nio/charset/CharsetEncoder onUnmappableCharacter (Ljava/nio/charset/CodingErrorAction;)Ljava/nio/charset/CharsetEncoder; 369 1 91 0 0
ciMethod java/nio/charset/CharsetEncoder implOnUnmappableCharacter (Ljava/nio/charset/CodingErrorAction;)V 369 1 91 0 -1
ciMethod java/nio/charset/CharsetEncoder maxBytesPerChar ()F 2049 1 6772 0 0
ciMethod java/nio/charset/CharsetEncoder encode (Ljava/nio/CharBuffer;Ljava/nio/ByteBuffer;Z)Ljava/nio/charset/CoderResult; 1 1 104 0 -1
ciMethod java/nio/charset/CharsetEncoder flush (Ljava/nio/ByteBuffer;)Ljava/nio/charset/CoderResult; 0 0 1 0 -1
ciMethod java/nio/charset/CharsetEncoder reset ()Ljava/nio/charset/CharsetEncoder; 3225 1 5528 0 0
ciMethod java/nio/charset/CharsetEncoder implReset ()V 3225 1 5528 0 0
ciMethod java/nio/ByteBuffer wrap ([B)Ljava/nio/ByteBuffer; 41 1 485 0 -1
ciMethod java/nio/CharBuffer wrap ([C)Ljava/nio/CharBuffer; 0 0 1 0 -1
ciMethod java/nio/charset/CoderResult isUnderflow ()Z 2121 1 29756 0 -1
ciMethod java/lang/IllegalArgumentException <init> (Ljava/lang/String;)V 0 0 1 0 -1
ciMethod sun/security/util/Debug println (Ljava/lang/String;)V 0 0 1 0 -1
ciMethod java/util/WeakHashMap$Entry <init> (Ljava/lang/Object;Ljava/lang/Object;Ljava/lang/ref/ReferenceQueue;ILjava/util/WeakHashMap$Entry;)V 2049 1 1858 0 0
ciMethod java/util/Locale getLanguage ()Ljava/lang/String; 305 1 920 0 -1
ciMethod java/lang/CharacterData toLowerCase (I)I 0 0 1 0 -1
ciMethod java/lang/CharacterData toUpperCase (I)I 0 0 1 0 -1
ciMethod java/lang/CharacterData of (I)Ljava/lang/CharacterData; 4097 1 6656 0 96
ciMethod java/lang/CharacterDataLatin1 getProperties (I)I 4097 1 26156 0 -1
ciMethod java/lang/CharacterDataLatin1 toLowerCase (I)I 4097 1 5845 0 160
ciMethod java/lang/CharacterDataLatin1 toUpperCase (I)I 2049 1 6400 0 160
ciMethod java/util/HashMap$TreeNode getTreeNode (ILjava/lang/Object;)Ljava/util/HashMap$TreeNode; 0 0 1 0 -1
ciMethodData java/lang/Character toLowerCase (I)I 2 20079 orig 264 88 115 170 106 0 0 0 0 40 180 97 23 0 0 0 0 136 1 0 0 0 0 0 0 0 0 0 0 0 0 0 0 0 0 0 0 0 0 0 0 0 0 0 0 0 0 0 0 0 0 0 0 0 0 0 0 0 0 0 0 0 0 0 0 0 0 0 0 0 0 0 0 0 0 0 0 0 0 0 0 77 68 79 32 101 120 116 114 97 32 100 97 116 97 32 108 111 99 107 0 0 0 0 0 0 0 0 0 0 0 0 0 0 0 0 0 0 0 0 0 0 0 0 0 0 0 0 0 0 0 0 0 0 0 0 0 0 0 0 0 0 0 0 0 0 0 0 0 0 0 0 0 0 0 0 0 0 0 0 0 0 0 0 0 0 0 0 0 0 0 0 0 0 0 0 0 0 0 0 0 0 0 0 0 0 0 0 0 0 0 0 0 0 0 0 0 0 0 0 0 0 0 0 0 0 0 0 0 0 0 0 0 0 0 0 0 0 2 0 0 121 99 2 0 1 0 0 0 0 0 0 0 0 0 0 0 2 0 0 0 0 0 3 0 2 0 0 0 64 0 0 0 255 255 255 255 2 0 1 0 0 0 0 0 data 8 0x10002 0x4c6f 0x50005 0x0 0x1a34e3f0 0x4c6f 0x0 0x0 oops 1